<?xml version="1.0" encoding="UTF-8"?>
<testng-results ignored="0" total="6" passed="6" failed="0" skipped="0">
  <reporter-output>
  </reporter-output>
  <suite started-at="2025-09-08T01:17:34 IST" name="Default Suite" finished-at="2025-09-08T01:20:49 IST" duration-ms="194813">
    <groups>
      <group name="cucumber">
        <method signature="AbstractTestNGCucumberTests.runScenario(io.cucumber.testng.PickleWrapper,io.cucumber.testng.FeatureWrapper)[pri:0, instance:runners.TestRunner@4961f6af]" name="runScenario" class="io.cucumber.testng.AbstractTestNGCucumberTests"/>
      </group> <!-- cucumber -->
    </groups>
    <test started-at="2025-09-08T01:17:34 IST" name="Cucumber Tests" finished-at="2025-09-08T01:20:49 IST" duration-ms="194813">
      <class name="runners.TestRunner">
        <test-method is-config="true" signature="setUpClass(org.testng.ITestContext)[pri:0, instance:runners.TestRunner@4961f6af]" started-at="2025-09-08T01:17:34 IST" name="setUpClass" finished-at="2025-09-08T01:17:38 IST" duration-ms="3853" status="PASS">
          <params>
            <param index="0">
              <value>
                <![CDATA[org.testng.TestRunner@619c93ca]]>
              </value>
            </param>
          </params>
          <reporter-output>
          </reporter-output>
        </test-method> <!-- setUpClass -->
        <test-method signature="runScenario(io.cucumber.testng.PickleWrapper,io.cucumber.testng.FeatureWrapper)[pri:0, instance:runners.TestRunner@4961f6af]" started-at="2025-09-08T01:17:38 IST" name="runScenario" description="Runs Cucumber Scenarios" data-provider="scenarios" finished-at="2025-09-08T01:18:02 IST" duration-ms="24065" status="PASS">
          <params>
            <param index="0">
              <value>
                <![CDATA["PF Calculator Positive Test"]]>
              </value>
            </param>
            <param index="1">
              <value>
                <![CDATA["Finance Calculators Automation"]]>
              </value>
            </param>
          </params>
          <reporter-output>
          </reporter-output>
        </test-method> <!-- runScenario -->
        <test-method signature="runScenario(io.cucumber.testng.PickleWrapper,io.cucumber.testng.FeatureWrapper)[pri:0, instance:runners.TestRunner@4961f6af]" started-at="2025-09-08T01:18:02 IST" name="runScenario" description="Runs Cucumber Scenarios" data-provider="scenarios" finished-at="2025-09-08T01:18:19 IST" duration-ms="16980" status="PASS">
          <params>
            <param index="0">
              <value>
                <![CDATA["PF Calculator Negative Test"]]>
              </value>
            </param>
            <param index="1">
              <value>
                <![CDATA["Finance Calculators Automation"]]>
              </value>
            </param>
          </params>
          <reporter-output>
          </reporter-output>
        </test-method> <!-- runScenario -->
        <test-method signature="runScenario(io.cucumber.testng.PickleWrapper,io.cucumber.testng.FeatureWrapper)[pri:0, instance:runners.TestRunner@4961f6af]" started-at="2025-09-08T01:18:19 IST" name="runScenario" description="Runs Cucumber Scenarios" data-provider="scenarios" finished-at="2025-09-08T01:19:04 IST" duration-ms="45091" status="PASS">
          <params>
            <param index="0">
              <value>
                <![CDATA["Car Loan EMI Calculator Test"]]>
              </value>
            </param>
            <param index="1">
              <value>
                <![CDATA["Finance Calculators Automation"]]>
              </value>
            </param>
          </params>
          <reporter-output>
          </reporter-output>
        </test-method> <!-- runScenario -->
        <test-method signature="runScenario(io.cucumber.testng.PickleWrapper,io.cucumber.testng.FeatureWrapper)[pri:0, instance:runners.TestRunner@4961f6af]" started-at="2025-09-08T01:19:04 IST" name="runScenario" description="Runs Cucumber Scenarios" data-provider="scenarios" finished-at="2025-09-08T01:19:29 IST" duration-ms="24977" status="PASS">
          <params>
            <param index="0">
              <value>
                <![CDATA["Personal Loan Calculator Positive Test"]]>
              </value>
            </param>
            <param index="1">
              <value>
                <![CDATA["Finance Calculators Automation"]]>
              </value>
            </param>
          </params>
          <reporter-output>
          </reporter-output>
        </test-method> <!-- runScenario -->
        <test-method signature="runScenario(io.cucumber.testng.PickleWrapper,io.cucumber.testng.FeatureWrapper)[pri:0, instance:runners.TestRunner@4961f6af]" started-at="2025-09-08T01:19:29 IST" name="runScenario" description="Runs Cucumber Scenarios" data-provider="scenarios" finished-at="2025-09-08T01:20:04 IST" duration-ms="34519" status="PASS">
          <params>
            <param index="0">
              <value>
                <![CDATA["Personal Loan Calculator Negative Test"]]>
              </value>
            </param>
            <param index="1">
              <value>
                <![CDATA["Finance Calculators Automation"]]>
              </value>
            </param>
          </params>
          <reporter-output>
          </reporter-output>
        </test-method> <!-- runScenario -->
        <test-method signature="runScenario(io.cucumber.testng.PickleWrapper,io.cucumber.testng.FeatureWrapper)[pri:0, instance:runners.TestRunner@4961f6af]" started-at="2025-09-08T01:20:04 IST" name="runScenario" description="Runs Cucumber Scenarios" data-provider="scenarios" finished-at="2025-09-08T01:20:49 IST" duration-ms="44813" status="PASS">
          <params>
            <param index="0">
              <value>
                <![CDATA["Gratuity Fund Calculator Positive Test"]]>
              </value>
            </param>
            <param index="1">
              <value>
                <![CDATA["Finance Calculators Automation"]]>
              </value>
            </param>
          </params>
          <reporter-output>
          </reporter-output>
        </test-method> <!-- runScenario -->
        <test-method is-config="true" signature="tearDownClass()[pri:0, instance:runners.TestRunner@4961f6af]" started-at="2025-09-08T01:20:49 IST" name="tearDownClass" finished-at="2025-09-08T01:20:49 IST" duration-ms="201" status="PASS">
          <reporter-output>
          </reporter-output>
        </test-method> <!-- tearDownClass -->
      </class> <!-- runners.TestRunner -->
    </test> <!-- Cucumber Tests -->
  </suite> <!-- Default Suite -->
</testng-results>
